{"timestamp":"2026-05-01T00:02:50.210338Z","level":"info","event":"setup plugin alembic.autogenerate.schemas","logger":"alembic.runtime.plugins","filename":"plugins.py","lineno":37}
{"timestamp":"2026-05-01T00:02:50.210467Z","level":"info","event":"setup plugin alembic.autogenerate.tables","logger":"alembic.runtime.plugins","filename":"plugins.py","lineno":37}
{"timestamp":"2026-05-01T00:02:50.210524Z","level":"info","event":"setup plugin alembic.autogenerate.types","logger":"alembic.runtime.plugins","filename":"plugins.py","lineno":37}
{"timestamp":"2026-05-01T00:02:50.210561Z","level":"info","event":"setup plugin alembic.autogenerate.constraints","logger":"alembic.runtime.plugins","filename":"plugins.py","lineno":37}
{"timestamp":"2026-05-01T00:02:50.210591Z","level":"info","event":"setup plugin alembic.autogenerate.defaults","logger":"alembic.runtime.plugins","filename":"plugins.py","lineno":37}
{"timestamp":"2026-05-01T00:02:50.210621Z","level":"info","event":"setup plugin alembic.autogenerate.comments","logger":"alembic.runtime.plugins","filename":"plugins.py","lineno":37}
{"timestamp":"2026-05-01T00:02:50.316254Z","level":"info","event":"DAG bundles loaded: dags-folder, example_dags","logger":"airflow.dag_processing.bundles.manager.DagBundlesManager","filename":"manager.py","lineno":209}
{"timestamp":"2026-05-01T00:02:50.316674Z","level":"info","event":"Filling up the DagBag from /Users/biswa/Downloads/recomart/airflow/dags/recomart_pipeline.py","logger":"airflow.dag_processing.dagbag.BundleDagBag","filename":"dagbag.py","lineno":469}
{"timestamp":"2026-05-01T00:02:50.358073Z","level":"info","event":"Task instance is in running state","logger":"task.stdout"}
{"timestamp":"2026-05-01T00:02:50.358191Z","level":"info","event":" Previous state of the Task instance: TaskInstanceState.QUEUED","logger":"task.stdout"}
{"timestamp":"2026-05-01T00:02:50.358345Z","level":"info","event":"Current task name:train_svd","logger":"task.stdout"}
{"timestamp":"2026-05-01T00:02:50.358391Z","level":"info","event":"Dag name:recomart_full_pipeline","logger":"task.stdout"}
{"timestamp":"2026-05-01T00:02:51.487193Z","level":"info","event":"Cleaning interactions — input shape: (2000, 5)","logger":"data_preparation","filename":"prepare_data.py","lineno":33}
{"timestamp":"2026-05-01T00:02:51.489007Z","level":"info","event":"  After dropping null IDs: 2000 rows","logger":"data_preparation","filename":"prepare_data.py","lineno":38}
{"timestamp":"2026-05-01T00:02:51.491140Z","level":"info","event":"  Removed 19 duplicate user-item pairs (kept latest)","logger":"data_preparation","filename":"prepare_data.py","lineno":58}
{"timestamp":"2026-05-01T00:02:51.495320Z","level":"info","event":"Interactions cleaned: 2000 → 1981 rows","logger":"data_preparation","filename":"prepare_data.py","lineno":72}
{"timestamp":"2026-05-01T00:02:51.496166Z","level":"info","event":"[MLflow] Started run 20260501_000251_495462 for experiment 'svd_collaborative_filtering'","logger":"model_training","filename":"train_model.py","lineno":53}
{"timestamp":"2026-05-01T00:02:51.550679Z","level":"info","event":"SVD fitted | users=200, items=479, components=50, explained_variance=0.521","logger":"model_training","filename":"train_model.py","lineno":167}
{"timestamp":"2026-05-01T00:02:51.574368Z","level":"info","event":"[MLflow] Artifact saved: /Users/biswa/Downloads/recomart/models/mlflow_runs/svd_collaborative_filtering/20260501_000251_495462/svd_model.pkl","logger":"model_training","filename":"train_model.py","lineno":75}
{"timestamp":"2026-05-01T00:02:51.574712Z","level":"info","event":"[MLflow] Run 20260501_000251_495462 FINISHED | metrics={'precision@10': 0.0014, 'recall@10': 0.0102, 'ndcg@10': 0.0076, 'evaluated_users': 147.0, 'explained_variance': 0.521, 'n_users': 200.0, 'n_items': 491.0, 'sparsity': 0.9798}","logger":"model_training","filename":"train_model.py","lineno":90}
{"timestamp":"2026-05-01T00:02:51.576340Z","level":"info","event":"SVD model saved → /Users/biswa/Downloads/recomart/models/svd_model.pkl","logger":"model_training","filename":"train_model.py","lineno":274}
{"timestamp":"2026-05-01T00:02:51.576482Z","level":"info","event":"SVD metrics: {'precision@10': 0.0014, 'recall@10': 0.0102, 'ndcg@10': 0.0076, 'evaluated_users': 147.0, 'explained_variance': 0.521, 'n_users': 200.0, 'n_items': 491.0, 'sparsity': 0.9798}","logger":"recomart_airflow","filename":"recomart_pipeline.py","lineno":188}
{"timestamp":"2026-05-01T00:02:51.576579Z","level":"info","event":"Done. Returned value was: {'precision@10': 0.0014, 'recall@10': 0.0102, 'ndcg@10': 0.0076, 'evaluated_users': 147.0, 'explained_variance': 0.521, 'n_users': 200.0, 'n_items': 491.0, 'sparsity': 0.9798}","logger":"airflow.task.operators.airflow.providers.standard.decorators.python._PythonDecoratedOperator","filename":"python.py","lineno":229}
{"timestamp":"2026-05-01T00:02:51.576730Z","level":"info","event":"Pushing xcom","ti":"RuntimeTaskInstance(id=UUID('019de0d8-43ed-7570-8279-7bc08b911167'), task_id='train_svd', dag_id='recomart_full_pipeline', run_id='scheduled__2026-05-01T00:00:00+00:00', try_number=1, dag_version_id=UUID('019ddf6b-8166-71cc-b766-5f03fb517e63'), map_index=-1, hostname='biswajeets-macbook-pro.local', context_carrier={'traceparent': '00-d59a28f15ff117953dc2693e429e06d9-e3578f983ee2c7c0-01'}, task=<Task(_PythonDecoratedOperator): train_svd>, bundle_instance=LocalDagBundle(name=dags-folder), max_tries=2, start_date=datetime.datetime(2026, 5, 1, 0, 2, 49, 761403, tzinfo=datetime.timezone.utc), end_date=None, state=<TaskInstanceState.RUNNING: 'running'>, is_mapped=False, rendered_map_index=None, sentry_integration='')","logger":"task","filename":"task_runner.py","lineno":1724}
{"timestamp":"2026-05-01T00:02:51.594456Z","level":"info","event":"Task instance in success state","logger":"task.stdout"}
{"timestamp":"2026-05-01T00:02:51.594575Z","level":"info","event":" Previous state of the Task instance: TaskInstanceState.RUNNING","logger":"task.stdout"}
{"timestamp":"2026-05-01T00:02:51.594912Z","level":"info","event":"Task operator:<Task(_PythonDecoratedOperator): train_svd>","logger":"task.stdout"}
