{"timestamp":"2026-04-25T22:01:56.376378Z","level":"info","event":"setup plugin alembic.autogenerate.schemas","logger":"alembic.runtime.plugins","filename":"plugins.py","lineno":37}
{"timestamp":"2026-04-25T22:01:56.376476Z","level":"info","event":"setup plugin alembic.autogenerate.tables","logger":"alembic.runtime.plugins","filename":"plugins.py","lineno":37}
{"timestamp":"2026-04-25T22:01:56.376505Z","level":"info","event":"setup plugin alembic.autogenerate.types","logger":"alembic.runtime.plugins","filename":"plugins.py","lineno":37}
{"timestamp":"2026-04-25T22:01:56.376526Z","level":"info","event":"setup plugin alembic.autogenerate.constraints","logger":"alembic.runtime.plugins","filename":"plugins.py","lineno":37}
{"timestamp":"2026-04-25T22:01:56.376544Z","level":"info","event":"setup plugin alembic.autogenerate.defaults","logger":"alembic.runtime.plugins","filename":"plugins.py","lineno":37}
{"timestamp":"2026-04-25T22:01:56.376563Z","level":"info","event":"setup plugin alembic.autogenerate.comments","logger":"alembic.runtime.plugins","filename":"plugins.py","lineno":37}
{"timestamp":"2026-04-25T22:01:56.441687Z","level":"info","event":"DAG bundles loaded: dags-folder, example_dags","logger":"airflow.dag_processing.bundles.manager.DagBundlesManager","filename":"manager.py","lineno":209}
{"timestamp":"2026-04-25T22:01:56.441913Z","level":"info","event":"Filling up the DagBag from /Users/biswa/Downloads/recomart/airflow/dags/recomart_pipeline.py","logger":"airflow.dag_processing.dagbag.BundleDagBag","filename":"dagbag.py","lineno":469}
{"timestamp":"2026-04-25T22:01:56.468202Z","level":"info","event":"Task instance is in running state","logger":"task.stdout"}
{"timestamp":"2026-04-25T22:01:56.468286Z","level":"info","event":" Previous state of the Task instance: TaskInstanceState.QUEUED","logger":"task.stdout"}
{"timestamp":"2026-04-25T22:01:56.468391Z","level":"info","event":"Current task name:prepare_interactions","logger":"task.stdout"}
{"timestamp":"2026-04-25T22:01:56.468448Z","level":"info","event":"Dag name:recomart_full_pipeline","logger":"task.stdout"}
{"timestamp":"2026-04-25T22:01:57.274185Z","level":"info","event":"Cleaning interactions — input shape: (2000, 5)","logger":"data_preparation","filename":"prepare_data.py","lineno":33}
{"timestamp":"2026-04-25T22:01:57.275334Z","level":"info","event":"  After dropping null IDs: 2000 rows","logger":"data_preparation","filename":"prepare_data.py","lineno":38}
{"timestamp":"2026-04-25T22:01:57.277541Z","level":"info","event":"  Removed 19 duplicate user-item pairs (kept latest)","logger":"data_preparation","filename":"prepare_data.py","lineno":58}
{"timestamp":"2026-04-25T22:01:57.279956Z","level":"info","event":"Interactions cleaned: 2000 → 1981 rows","logger":"data_preparation","filename":"prepare_data.py","lineno":72}
{"timestamp":"2026-04-25T22:01:57.282544Z","level":"info","event":"Saved processed interactions_clean → /Users/biswa/Downloads/recomart/data/processed/interactions_clean_20260425_220157.csv","logger":"data_preparation","filename":"prepare_data.py","lineno":187}
{"timestamp":"2026-04-25T22:01:57.282617Z","level":"info","event":"Done. Returned value was: {'rows': 1981}","logger":"airflow.task.operators.airflow.providers.standard.decorators.python._PythonDecoratedOperator","filename":"python.py","lineno":229}
{"timestamp":"2026-04-25T22:01:57.282699Z","level":"info","event":"Pushing xcom","ti":"RuntimeTaskInstance(id=UUID('019dc6a9-cd58-792a-a0a5-dae3b98ef884'), task_id='prepare_interactions', dag_id='recomart_full_pipeline', run_id='recomart_assignment_demo', try_number=1, dag_version_id=UUID('019dc69f-9998-790a-baa3-f46c689ce137'), map_index=-1, hostname='biswajeets-macbook-pro.local', context_carrier={'traceparent': '00-54945f87712cd8b7894ab780c4d4ca63-032d40d636b43fc7-01'}, task=<Task(_PythonDecoratedOperator): prepare_interactions>, bundle_instance=LocalDagBundle(name=dags-folder), max_tries=2, start_date=datetime.datetime(2026, 4, 25, 22, 1, 56, 95400, tzinfo=datetime.timezone.utc), end_date=None, state=<TaskInstanceState.RUNNING: 'running'>, is_mapped=False, rendered_map_index=None, sentry_integration='')","logger":"task","filename":"task_runner.py","lineno":1724}
{"timestamp":"2026-04-25T22:01:57.292340Z","level":"info","event":"Task instance in success state","logger":"task.stdout"}
{"timestamp":"2026-04-25T22:01:57.292409Z","level":"info","event":" Previous state of the Task instance: TaskInstanceState.RUNNING","logger":"task.stdout"}
{"timestamp":"2026-04-25T22:01:57.292571Z","level":"info","event":"Task operator:<Task(_PythonDecoratedOperator): prepare_interactions>","logger":"task.stdout"}
