{"timestamp":"2026-04-25T22:01:56.376406Z","level":"info","event":"setup plugin alembic.autogenerate.schemas","logger":"alembic.runtime.plugins","filename":"plugins.py","lineno":37}
{"timestamp":"2026-04-25T22:01:56.376487Z","level":"info","event":"setup plugin alembic.autogenerate.tables","logger":"alembic.runtime.plugins","filename":"plugins.py","lineno":37}
{"timestamp":"2026-04-25T22:01:56.376517Z","level":"info","event":"setup plugin alembic.autogenerate.types","logger":"alembic.runtime.plugins","filename":"plugins.py","lineno":37}
{"timestamp":"2026-04-25T22:01:56.376538Z","level":"info","event":"setup plugin alembic.autogenerate.constraints","logger":"alembic.runtime.plugins","filename":"plugins.py","lineno":37}
{"timestamp":"2026-04-25T22:01:56.376556Z","level":"info","event":"setup plugin alembic.autogenerate.defaults","logger":"alembic.runtime.plugins","filename":"plugins.py","lineno":37}
{"timestamp":"2026-04-25T22:01:56.376574Z","level":"info","event":"setup plugin alembic.autogenerate.comments","logger":"alembic.runtime.plugins","filename":"plugins.py","lineno":37}
{"timestamp":"2026-04-25T22:01:56.441627Z","level":"info","event":"DAG bundles loaded: dags-folder, example_dags","logger":"airflow.dag_processing.bundles.manager.DagBundlesManager","filename":"manager.py","lineno":209}
{"timestamp":"2026-04-25T22:01:56.441867Z","level":"info","event":"Filling up the DagBag from /Users/biswa/Downloads/recomart/airflow/dags/recomart_pipeline.py","logger":"airflow.dag_processing.dagbag.BundleDagBag","filename":"dagbag.py","lineno":469}
{"timestamp":"2026-04-25T22:01:56.470166Z","level":"info","event":"Task instance is in running state","logger":"task.stdout"}
{"timestamp":"2026-04-25T22:01:56.470247Z","level":"info","event":" Previous state of the Task instance: TaskInstanceState.QUEUED","logger":"task.stdout"}
{"timestamp":"2026-04-25T22:01:56.470328Z","level":"info","event":"Current task name:prepare_products","logger":"task.stdout"}
{"timestamp":"2026-04-25T22:01:56.470359Z","level":"info","event":"Dag name:recomart_full_pipeline","logger":"task.stdout"}
{"timestamp":"2026-04-25T22:01:57.278980Z","level":"info","event":"Cleaning products — input shape: (500, 8)","logger":"data_preparation","filename":"prepare_data.py","lineno":78}
{"timestamp":"2026-04-25T22:01:57.280309Z","level":"info","event":"Products cleaned: 500 rows","logger":"data_preparation","filename":"prepare_data.py","lineno":99}
{"timestamp":"2026-04-25T22:01:57.281209Z","level":"info","event":"  Encoded 'category' → 6 classes","logger":"data_preparation","filename":"prepare_data.py","lineno":112}
{"timestamp":"2026-04-25T22:01:57.281543Z","level":"info","event":"  Encoded 'brand' → 5 classes","logger":"data_preparation","filename":"prepare_data.py","lineno":112}
{"timestamp":"2026-04-25T22:01:57.282548Z","level":"info","event":"  Normalized 'price' → [0,1]","logger":"data_preparation","filename":"prepare_data.py","lineno":118}
{"timestamp":"2026-04-25T22:01:57.284191Z","level":"info","event":"Saved processed products_encoded → /Users/biswa/Downloads/recomart/data/processed/products_encoded_20260425_220157.csv","logger":"data_preparation","filename":"prepare_data.py","lineno":187}
{"timestamp":"2026-04-25T22:01:57.284349Z","level":"info","event":"Done. Returned value was: {'rows': 500, 'categories': 6}","logger":"airflow.task.operators.airflow.providers.standard.decorators.python._PythonDecoratedOperator","filename":"python.py","lineno":229}
{"timestamp":"2026-04-25T22:01:57.284434Z","level":"info","event":"Pushing xcom","ti":"RuntimeTaskInstance(id=UUID('019dc6a9-cd59-7a73-a9b5-0dda7d3d626b'), task_id='prepare_products', dag_id='recomart_full_pipeline', run_id='recomart_assignment_demo', try_number=1, dag_version_id=UUID('019dc69f-9998-790a-baa3-f46c689ce137'), map_index=-1, hostname='biswajeets-macbook-pro.local', context_carrier={'traceparent': '00-54945f87712cd8b7894ab780c4d4ca63-032d40d636b43fc7-01'}, task=<Task(_PythonDecoratedOperator): prepare_products>, bundle_instance=LocalDagBundle(name=dags-folder), max_tries=2, start_date=datetime.datetime(2026, 4, 25, 22, 1, 56, 95647, tzinfo=datetime.timezone.utc), end_date=None, state=<TaskInstanceState.RUNNING: 'running'>, is_mapped=False, rendered_map_index=None, sentry_integration='')","logger":"task","filename":"task_runner.py","lineno":1724}
{"timestamp":"2026-04-25T22:01:57.293989Z","level":"info","event":"Task instance in success state","logger":"task.stdout"}
{"timestamp":"2026-04-25T22:01:57.294052Z","level":"info","event":" Previous state of the Task instance: TaskInstanceState.RUNNING","logger":"task.stdout"}
{"timestamp":"2026-04-25T22:01:57.294214Z","level":"info","event":"Task operator:<Task(_PythonDecoratedOperator): prepare_products>","logger":"task.stdout"}
