{"timestamp":"2026-04-25T22:01:59.186957Z","level":"info","event":"setup plugin alembic.autogenerate.schemas","logger":"alembic.runtime.plugins","filename":"plugins.py","lineno":37}
{"timestamp":"2026-04-25T22:01:59.187042Z","level":"info","event":"setup plugin alembic.autogenerate.tables","logger":"alembic.runtime.plugins","filename":"plugins.py","lineno":37}
{"timestamp":"2026-04-25T22:01:59.187070Z","level":"info","event":"setup plugin alembic.autogenerate.types","logger":"alembic.runtime.plugins","filename":"plugins.py","lineno":37}
{"timestamp":"2026-04-25T22:01:59.187093Z","level":"info","event":"setup plugin alembic.autogenerate.constraints","logger":"alembic.runtime.plugins","filename":"plugins.py","lineno":37}
{"timestamp":"2026-04-25T22:01:59.187110Z","level":"info","event":"setup plugin alembic.autogenerate.defaults","logger":"alembic.runtime.plugins","filename":"plugins.py","lineno":37}
{"timestamp":"2026-04-25T22:01:59.187127Z","level":"info","event":"setup plugin alembic.autogenerate.comments","logger":"alembic.runtime.plugins","filename":"plugins.py","lineno":37}
{"timestamp":"2026-04-25T22:01:59.242776Z","level":"info","event":"DAG bundles loaded: dags-folder, example_dags","logger":"airflow.dag_processing.bundles.manager.DagBundlesManager","filename":"manager.py","lineno":209}
{"timestamp":"2026-04-25T22:01:59.242999Z","level":"info","event":"Filling up the DagBag from /Users/biswa/Downloads/recomart/airflow/dags/recomart_pipeline.py","logger":"airflow.dag_processing.dagbag.BundleDagBag","filename":"dagbag.py","lineno":469}
{"timestamp":"2026-04-25T22:01:59.264256Z","level":"info","event":"Task instance is in running state","logger":"task.stdout"}
{"timestamp":"2026-04-25T22:01:59.264332Z","level":"info","event":" Previous state of the Task instance: TaskInstanceState.QUEUED","logger":"task.stdout"}
{"timestamp":"2026-04-25T22:01:59.264396Z","level":"info","event":"Current task name:feature_store","logger":"task.stdout"}
{"timestamp":"2026-04-25T22:01:59.264427Z","level":"info","event":"Dag name:recomart_full_pipeline","logger":"task.stdout"}
{"timestamp":"2026-04-25T22:01:59.677150Z","level":"info","event":"Cleaning interactions — input shape: (2000, 5)","logger":"data_preparation","filename":"prepare_data.py","lineno":33}
{"timestamp":"2026-04-25T22:01:59.678023Z","level":"info","event":"  After dropping null IDs: 2000 rows","logger":"data_preparation","filename":"prepare_data.py","lineno":38}
{"timestamp":"2026-04-25T22:01:59.679455Z","level":"info","event":"  Removed 19 duplicate user-item pairs (kept latest)","logger":"data_preparation","filename":"prepare_data.py","lineno":58}
{"timestamp":"2026-04-25T22:01:59.682432Z","level":"info","event":"Interactions cleaned: 2000 → 1981 rows","logger":"data_preparation","filename":"prepare_data.py","lineno":72}
{"timestamp":"2026-04-25T22:01:59.688465Z","level":"info","event":"Cleaning products — input shape: (500, 8)","logger":"data_preparation","filename":"prepare_data.py","lineno":78}
{"timestamp":"2026-04-25T22:01:59.689428Z","level":"info","event":"Products cleaned: 500 rows","logger":"data_preparation","filename":"prepare_data.py","lineno":99}
{"timestamp":"2026-04-25T22:01:59.689982Z","level":"info","event":"  Encoded 'category' → 6 classes","logger":"data_preparation","filename":"prepare_data.py","lineno":112}
{"timestamp":"2026-04-25T22:01:59.690290Z","level":"info","event":"  Encoded 'brand' → 5 classes","logger":"data_preparation","filename":"prepare_data.py","lineno":112}
{"timestamp":"2026-04-25T22:01:59.691367Z","level":"info","event":"  Normalized 'price' → [0,1]","logger":"data_preparation","filename":"prepare_data.py","lineno":118}
{"timestamp":"2026-04-25T22:01:59.691404Z","level":"info","event":"Building user features...","logger":"feature_engineering","filename":"feature_engineering.py","lineno":105}
{"timestamp":"2026-04-25T22:01:59.698584Z","level":"info","event":"User features: 200 users, 12 features","logger":"feature_engineering","filename":"feature_engineering.py","lineno":147}
{"timestamp":"2026-04-25T22:01:59.698675Z","level":"info","event":"Building item features...","logger":"feature_engineering","filename":"feature_engineering.py","lineno":153}
{"timestamp":"2026-04-25T22:01:59.701889Z","level":"info","event":"Item features: 491 items, 12 features","logger":"feature_engineering","filename":"feature_engineering.py","lineno":183}
{"timestamp":"2026-04-25T22:01:59.701933Z","level":"info","event":"Building interaction features...","logger":"feature_engineering","filename":"feature_engineering.py","lineno":189}
{"timestamp":"2026-04-25T22:01:59.704539Z","level":"info","event":"Interaction features: 1981 rows","logger":"feature_engineering","filename":"feature_engineering.py","lineno":211}
{"timestamp":"2026-04-25T22:01:59.706005Z","level":"info","event":"Registered feature group 'user_features' version 'v20260425_220159'","logger":"feature_store","filename":"feature_store.py","lineno":73}
{"timestamp":"2026-04-25T22:01:59.740336Z","level":"info","event":"[FeatureStore] Written 'user_features' v=v20260425_220159 | 200 rows × 12 cols | checksum=7bcaa163b2b4","logger":"feature_store","filename":"feature_store.py","lineno":131}
{"timestamp":"2026-04-25T22:01:59.741081Z","level":"info","event":"Registered feature group 'item_features' version 'v20260425_220159'","logger":"feature_store","filename":"feature_store.py","lineno":73}
{"timestamp":"2026-04-25T22:01:59.742648Z","level":"info","event":"[FeatureStore] Written 'item_features' v=v20260425_220159 | 491 rows × 12 cols | checksum=5472dd77e0d7","logger":"feature_store","filename":"feature_store.py","lineno":131}
{"timestamp":"2026-04-25T22:01:59.743321Z","level":"info","event":"Registered feature group 'interaction_features' version 'v20260425_220159'","logger":"feature_store","filename":"feature_store.py","lineno":73}
{"timestamp":"2026-04-25T22:01:59.745841Z","level":"info","event":"[FeatureStore] Written 'interaction_features' v=v20260425_220159 | 1981 rows × 9 cols | checksum=8ea66df50752","logger":"feature_store","filename":"feature_store.py","lineno":131}
{"timestamp":"2026-04-25T22:01:59.745959Z","level":"info","event":"Done. Returned value was: {'groups_written': 3, 'user_version': 'v20260425_220159', 'item_version': 'v20260425_220159'}","logger":"airflow.task.operators.airflow.providers.standard.decorators.python._PythonDecoratedOperator","filename":"python.py","lineno":229}
{"timestamp":"2026-04-25T22:01:59.746051Z","level":"info","event":"Pushing xcom","ti":"RuntimeTaskInstance(id=UUID('019dc6a9-cd5b-75f3-9f91-59c68396067f'), task_id='feature_store', dag_id='recomart_full_pipeline', run_id='recomart_assignment_demo', try_number=1, dag_version_id=UUID('019dc69f-9998-790a-baa3-f46c689ce137'), map_index=-1, hostname='biswajeets-macbook-pro.local', context_carrier={'traceparent': '00-54945f87712cd8b7894ab780c4d4ca63-032d40d636b43fc7-01'}, task=<Task(_PythonDecoratedOperator): feature_store>, bundle_instance=LocalDagBundle(name=dags-folder), max_tries=2, start_date=datetime.datetime(2026, 4, 25, 22, 1, 58, 943529, tzinfo=datetime.timezone.utc), end_date=None, state=<TaskInstanceState.RUNNING: 'running'>, is_mapped=False, rendered_map_index=None, sentry_integration='')","logger":"task","filename":"task_runner.py","lineno":1724}
{"timestamp":"2026-04-25T22:01:59.753675Z","level":"info","event":"Task instance in success state","logger":"task.stdout"}
{"timestamp":"2026-04-25T22:01:59.753730Z","level":"info","event":" Previous state of the Task instance: TaskInstanceState.RUNNING","logger":"task.stdout"}
{"timestamp":"2026-04-25T22:01:59.753929Z","level":"info","event":"Task operator:<Task(_PythonDecoratedOperator): feature_store>","logger":"task.stdout"}
