{"timestamp":"2026-04-25T22:02:00.278401Z","level":"info","event":"setup plugin alembic.autogenerate.schemas","logger":"alembic.runtime.plugins","filename":"plugins.py","lineno":37}
{"timestamp":"2026-04-25T22:02:00.278512Z","level":"info","event":"setup plugin alembic.autogenerate.tables","logger":"alembic.runtime.plugins","filename":"plugins.py","lineno":37}
{"timestamp":"2026-04-25T22:02:00.278542Z","level":"info","event":"setup plugin alembic.autogenerate.types","logger":"alembic.runtime.plugins","filename":"plugins.py","lineno":37}
{"timestamp":"2026-04-25T22:02:00.278565Z","level":"info","event":"setup plugin alembic.autogenerate.constraints","logger":"alembic.runtime.plugins","filename":"plugins.py","lineno":37}
{"timestamp":"2026-04-25T22:02:00.278585Z","level":"info","event":"setup plugin alembic.autogenerate.defaults","logger":"alembic.runtime.plugins","filename":"plugins.py","lineno":37}
{"timestamp":"2026-04-25T22:02:00.278605Z","level":"info","event":"setup plugin alembic.autogenerate.comments","logger":"alembic.runtime.plugins","filename":"plugins.py","lineno":37}
{"timestamp":"2026-04-25T22:02:00.349641Z","level":"info","event":"DAG bundles loaded: dags-folder, example_dags","logger":"airflow.dag_processing.bundles.manager.DagBundlesManager","filename":"manager.py","lineno":209}
{"timestamp":"2026-04-25T22:02:00.349929Z","level":"info","event":"Filling up the DagBag from /Users/biswa/Downloads/recomart/airflow/dags/recomart_pipeline.py","logger":"airflow.dag_processing.dagbag.BundleDagBag","filename":"dagbag.py","lineno":469}
{"timestamp":"2026-04-25T22:02:00.375758Z","level":"info","event":"Task instance is in running state","logger":"task.stdout"}
{"timestamp":"2026-04-25T22:02:00.375867Z","level":"info","event":" Previous state of the Task instance: TaskInstanceState.QUEUED","logger":"task.stdout"}
{"timestamp":"2026-04-25T22:02:00.376024Z","level":"info","event":"Current task name:train_content","logger":"task.stdout"}
{"timestamp":"2026-04-25T22:02:00.376077Z","level":"info","event":"Dag name:recomart_full_pipeline","logger":"task.stdout"}
{"timestamp":"2026-04-25T22:02:01.047102Z","level":"info","event":"Cleaning interactions — input shape: (2000, 5)","logger":"data_preparation","filename":"prepare_data.py","lineno":33}
{"timestamp":"2026-04-25T22:02:01.047918Z","level":"info","event":"  After dropping null IDs: 2000 rows","logger":"data_preparation","filename":"prepare_data.py","lineno":38}
{"timestamp":"2026-04-25T22:02:01.048955Z","level":"info","event":"  Removed 19 duplicate user-item pairs (kept latest)","logger":"data_preparation","filename":"prepare_data.py","lineno":58}
{"timestamp":"2026-04-25T22:02:01.050799Z","level":"info","event":"Interactions cleaned: 2000 → 1981 rows","logger":"data_preparation","filename":"prepare_data.py","lineno":72}
{"timestamp":"2026-04-25T22:02:01.056321Z","level":"info","event":"Cleaning products — input shape: (500, 8)","logger":"data_preparation","filename":"prepare_data.py","lineno":78}
{"timestamp":"2026-04-25T22:02:01.057085Z","level":"info","event":"Products cleaned: 500 rows","logger":"data_preparation","filename":"prepare_data.py","lineno":99}
{"timestamp":"2026-04-25T22:02:01.057587Z","level":"info","event":"  Encoded 'category' → 6 classes","logger":"data_preparation","filename":"prepare_data.py","lineno":112}
{"timestamp":"2026-04-25T22:02:01.057858Z","level":"info","event":"  Encoded 'brand' → 5 classes","logger":"data_preparation","filename":"prepare_data.py","lineno":112}
{"timestamp":"2026-04-25T22:02:01.058728Z","level":"info","event":"  Normalized 'price' → [0,1]","logger":"data_preparation","filename":"prepare_data.py","lineno":118}
{"timestamp":"2026-04-25T22:02:01.058756Z","level":"info","event":"Building item features...","logger":"feature_engineering","filename":"feature_engineering.py","lineno":153}
{"timestamp":"2026-04-25T22:02:01.061922Z","level":"info","event":"Item features: 491 items, 12 features","logger":"feature_engineering","filename":"feature_engineering.py","lineno":183}
{"timestamp":"2026-04-25T22:02:01.062084Z","level":"info","event":"[MLflow] Started run 20260425_220201_061949 for experiment 'content_based_filtering'","logger":"model_training","filename":"train_model.py","lineno":53}
{"timestamp":"2026-04-25T22:02:01.063035Z","level":"info","event":"Content-based fitted | items=491, features=['price_normalized', 'category_encoded', 'popularity_score', 'avg_rating_received', 'total_interactions']","logger":"model_training","filename":"train_model.py","lineno":200}
{"timestamp":"2026-04-25T22:02:01.064989Z","level":"info","event":"[MLflow] Artifact saved: /Users/biswa/Downloads/recomart/models/mlflow_runs/content_based_filtering/20260425_220201_061949/content_model.pkl","logger":"model_training","filename":"train_model.py","lineno":75}
{"timestamp":"2026-04-25T22:02:01.065169Z","level":"info","event":"[MLflow] Run 20260425_220201_061949 FINISHED | metrics={'category_consistency@5': 0.73}","logger":"model_training","filename":"train_model.py","lineno":90}
{"timestamp":"2026-04-25T22:02:01.065521Z","level":"info","event":"Content model saved → /Users/biswa/Downloads/recomart/models/content_model.pkl","logger":"model_training","filename":"train_model.py","lineno":308}
{"timestamp":"2026-04-25T22:02:01.065575Z","level":"info","event":"Content model metrics: {'category_consistency@5': 0.73}","logger":"recomart_airflow","filename":"recomart_pipeline.py","lineno":204}
{"timestamp":"2026-04-25T22:02:01.065648Z","level":"info","event":"Done. Returned value was: {'category_consistency@5': 0.73}","logger":"airflow.task.operators.airflow.providers.standard.decorators.python._PythonDecoratedOperator","filename":"python.py","lineno":229}
{"timestamp":"2026-04-25T22:02:01.065731Z","level":"info","event":"Pushing xcom","ti":"RuntimeTaskInstance(id=UUID('019dc6a9-cd5d-7a4c-a406-7c6c6dd0d936'), task_id='train_content', dag_id='recomart_full_pipeline', run_id='recomart_assignment_demo', try_number=1, dag_version_id=UUID('019dc69f-9998-790a-baa3-f46c689ce137'), map_index=-1, hostname='biswajeets-macbook-pro.local', context_carrier={'traceparent': '00-54945f87712cd8b7894ab780c4d4ca63-032d40d636b43fc7-01'}, task=<Task(_PythonDecoratedOperator): train_content>, bundle_instance=LocalDagBundle(name=dags-folder), max_tries=2, start_date=datetime.datetime(2026, 4, 25, 22, 1, 59, 970694, tzinfo=datetime.timezone.utc), end_date=None, state=<TaskInstanceState.RUNNING: 'running'>, is_mapped=False, rendered_map_index=None, sentry_integration='')","logger":"task","filename":"task_runner.py","lineno":1724}
{"timestamp":"2026-04-25T22:02:01.073422Z","level":"info","event":"Task instance in success state","logger":"task.stdout"}
{"timestamp":"2026-04-25T22:02:01.073477Z","level":"info","event":" Previous state of the Task instance: TaskInstanceState.RUNNING","logger":"task.stdout"}
{"timestamp":"2026-04-25T22:02:01.073671Z","level":"info","event":"Task operator:<Task(_PythonDecoratedOperator): train_content>","logger":"task.stdout"}
