{"timestamp":"2026-04-30T17:26:39.745489Z","level":"info","event":"setup plugin alembic.autogenerate.schemas","logger":"alembic.runtime.plugins","filename":"plugins.py","lineno":37}
{"timestamp":"2026-04-30T17:26:39.745574Z","level":"info","event":"setup plugin alembic.autogenerate.tables","logger":"alembic.runtime.plugins","filename":"plugins.py","lineno":37}
{"timestamp":"2026-04-30T17:26:39.745603Z","level":"info","event":"setup plugin alembic.autogenerate.types","logger":"alembic.runtime.plugins","filename":"plugins.py","lineno":37}
{"timestamp":"2026-04-30T17:26:39.745625Z","level":"info","event":"setup plugin alembic.autogenerate.constraints","logger":"alembic.runtime.plugins","filename":"plugins.py","lineno":37}
{"timestamp":"2026-04-30T17:26:39.745644Z","level":"info","event":"setup plugin alembic.autogenerate.defaults","logger":"alembic.runtime.plugins","filename":"plugins.py","lineno":37}
{"timestamp":"2026-04-30T17:26:39.745662Z","level":"info","event":"setup plugin alembic.autogenerate.comments","logger":"alembic.runtime.plugins","filename":"plugins.py","lineno":37}
{"timestamp":"2026-04-30T17:26:39.810439Z","level":"info","event":"DAG bundles loaded: dags-folder, example_dags","logger":"airflow.dag_processing.bundles.manager.DagBundlesManager","filename":"manager.py","lineno":209}
{"timestamp":"2026-04-30T17:26:39.810693Z","level":"info","event":"Filling up the DagBag from /Users/biswa/Downloads/recomart/airflow/dags/recomart_pipeline.py","logger":"airflow.dag_processing.dagbag.BundleDagBag","filename":"dagbag.py","lineno":469}
{"timestamp":"2026-04-30T17:26:39.841121Z","level":"info","event":"Task instance is in running state","logger":"task.stdout"}
{"timestamp":"2026-04-30T17:26:39.841208Z","level":"info","event":" Previous state of the Task instance: TaskInstanceState.QUEUED","logger":"task.stdout"}
{"timestamp":"2026-04-30T17:26:39.841296Z","level":"info","event":"Current task name:prepare_products","logger":"task.stdout"}
{"timestamp":"2026-04-30T17:26:39.841332Z","level":"info","event":"Dag name:recomart_full_pipeline","logger":"task.stdout"}
{"timestamp":"2026-04-30T17:26:41.541617Z","level":"info","event":"Cleaning products — input shape: (500, 8)","logger":"data_preparation","filename":"prepare_data.py","lineno":78}
{"timestamp":"2026-04-30T17:26:41.543309Z","level":"info","event":"Products cleaned: 500 rows","logger":"data_preparation","filename":"prepare_data.py","lineno":99}
{"timestamp":"2026-04-30T17:26:41.544324Z","level":"info","event":"  Encoded 'category' → 6 classes","logger":"data_preparation","filename":"prepare_data.py","lineno":112}
{"timestamp":"2026-04-30T17:26:41.544711Z","level":"info","event":"  Encoded 'brand' → 5 classes","logger":"data_preparation","filename":"prepare_data.py","lineno":112}
{"timestamp":"2026-04-30T17:26:41.545830Z","level":"info","event":"  Normalized 'price' → [0,1]","logger":"data_preparation","filename":"prepare_data.py","lineno":118}
{"timestamp":"2026-04-30T17:26:41.547979Z","level":"info","event":"Saved processed products_encoded → /Users/biswa/Downloads/recomart/data/processed/products_encoded_20260430_172641.csv","logger":"data_preparation","filename":"prepare_data.py","lineno":187}
{"timestamp":"2026-04-30T17:26:41.548179Z","level":"info","event":"Done. Returned value was: {'rows': 500, 'categories': 6}","logger":"airflow.task.operators.airflow.providers.standard.decorators.python._PythonDecoratedOperator","filename":"python.py","lineno":229}
{"timestamp":"2026-04-30T17:26:41.548282Z","level":"info","event":"Pushing xcom","ti":"RuntimeTaskInstance(id=UUID('019ddf6d-9a4e-750e-8c46-adc511326d43'), task_id='prepare_products', dag_id='recomart_full_pipeline', run_id='scheduled__2026-04-30T00:00:00+00:00', try_number=1, dag_version_id=UUID('019ddf6b-8166-71cc-b766-5f03fb517e63'), map_index=-1, hostname='biswajeets-macbook-pro.local', context_carrier={'traceparent': '00-64f56971c0777a190ba50881e10dd995-25effa7a7cab75a5-01'}, task=<Task(_PythonDecoratedOperator): prepare_products>, bundle_instance=LocalDagBundle(name=dags-folder), max_tries=2, start_date=datetime.datetime(2026, 4, 30, 17, 26, 39, 458625, tzinfo=datetime.timezone.utc), end_date=None, state=<TaskInstanceState.RUNNING: 'running'>, is_mapped=False, rendered_map_index=None, sentry_integration='')","logger":"task","filename":"task_runner.py","lineno":1724}
{"timestamp":"2026-04-30T17:26:41.562064Z","level":"info","event":"Task instance in success state","logger":"task.stdout"}
{"timestamp":"2026-04-30T17:26:41.562152Z","level":"info","event":" Previous state of the Task instance: TaskInstanceState.RUNNING","logger":"task.stdout"}
{"timestamp":"2026-04-30T17:26:41.562390Z","level":"info","event":"Task operator:<Task(_PythonDecoratedOperator): prepare_products>","logger":"task.stdout"}
