{"timestamp":"2026-04-30T17:26:44.888122Z","level":"info","event":"setup plugin alembic.autogenerate.schemas","logger":"alembic.runtime.plugins","filename":"plugins.py","lineno":37}
{"timestamp":"2026-04-30T17:26:44.888213Z","level":"info","event":"setup plugin alembic.autogenerate.tables","logger":"alembic.runtime.plugins","filename":"plugins.py","lineno":37}
{"timestamp":"2026-04-30T17:26:44.888252Z","level":"info","event":"setup plugin alembic.autogenerate.types","logger":"alembic.runtime.plugins","filename":"plugins.py","lineno":37}
{"timestamp":"2026-04-30T17:26:44.888275Z","level":"info","event":"setup plugin alembic.autogenerate.constraints","logger":"alembic.runtime.plugins","filename":"plugins.py","lineno":37}
{"timestamp":"2026-04-30T17:26:44.888293Z","level":"info","event":"setup plugin alembic.autogenerate.defaults","logger":"alembic.runtime.plugins","filename":"plugins.py","lineno":37}
{"timestamp":"2026-04-30T17:26:44.888311Z","level":"info","event":"setup plugin alembic.autogenerate.comments","logger":"alembic.runtime.plugins","filename":"plugins.py","lineno":37}
{"timestamp":"2026-04-30T17:26:44.951652Z","level":"info","event":"DAG bundles loaded: dags-folder, example_dags","logger":"airflow.dag_processing.bundles.manager.DagBundlesManager","filename":"manager.py","lineno":209}
{"timestamp":"2026-04-30T17:26:44.951891Z","level":"info","event":"Filling up the DagBag from /Users/biswa/Downloads/recomart/airflow/dags/recomart_pipeline.py","logger":"airflow.dag_processing.dagbag.BundleDagBag","filename":"dagbag.py","lineno":469}
{"timestamp":"2026-04-30T17:26:44.978124Z","level":"info","event":"Task instance is in running state","logger":"task.stdout"}
{"timestamp":"2026-04-30T17:26:44.978252Z","level":"info","event":" Previous state of the Task instance: TaskInstanceState.QUEUED","logger":"task.stdout"}
{"timestamp":"2026-04-30T17:26:44.978309Z","level":"info","event":"Current task name:train_svd","logger":"task.stdout"}
{"timestamp":"2026-04-30T17:26:44.978334Z","level":"info","event":"Dag name:recomart_full_pipeline","logger":"task.stdout"}
{"timestamp":"2026-04-30T17:26:45.836511Z","level":"info","event":"Cleaning interactions — input shape: (2000, 5)","logger":"data_preparation","filename":"prepare_data.py","lineno":33}
{"timestamp":"2026-04-30T17:26:45.837717Z","level":"info","event":"  After dropping null IDs: 2000 rows","logger":"data_preparation","filename":"prepare_data.py","lineno":38}
{"timestamp":"2026-04-30T17:26:45.839031Z","level":"info","event":"  Removed 19 duplicate user-item pairs (kept latest)","logger":"data_preparation","filename":"prepare_data.py","lineno":58}
{"timestamp":"2026-04-30T17:26:45.841432Z","level":"info","event":"Interactions cleaned: 2000 → 1981 rows","logger":"data_preparation","filename":"prepare_data.py","lineno":72}
{"timestamp":"2026-04-30T17:26:45.841677Z","level":"info","event":"[MLflow] Started run 20260430_172645_841503 for experiment 'svd_collaborative_filtering'","logger":"model_training","filename":"train_model.py","lineno":53}
{"timestamp":"2026-04-30T17:26:45.874348Z","level":"info","event":"SVD fitted | users=200, items=479, components=50, explained_variance=0.521","logger":"model_training","filename":"train_model.py","lineno":167}
{"timestamp":"2026-04-30T17:26:45.886625Z","level":"info","event":"[MLflow] Artifact saved: /Users/biswa/Downloads/recomart/models/mlflow_runs/svd_collaborative_filtering/20260430_172645_841503/svd_model.pkl","logger":"model_training","filename":"train_model.py","lineno":75}
{"timestamp":"2026-04-30T17:26:45.886807Z","level":"info","event":"[MLflow] Run 20260430_172645_841503 FINISHED | metrics={'precision@10': 0.0014, 'recall@10': 0.0102, 'ndcg@10': 0.0076, 'evaluated_users': 147.0, 'explained_variance': 0.521, 'n_users': 200.0, 'n_items': 491.0, 'sparsity': 0.9798}","logger":"model_training","filename":"train_model.py","lineno":90}
{"timestamp":"2026-04-30T17:26:45.888025Z","level":"info","event":"SVD model saved → /Users/biswa/Downloads/recomart/models/svd_model.pkl","logger":"model_training","filename":"train_model.py","lineno":274}
{"timestamp":"2026-04-30T17:26:45.888101Z","level":"info","event":"SVD metrics: {'precision@10': 0.0014, 'recall@10': 0.0102, 'ndcg@10': 0.0076, 'evaluated_users': 147.0, 'explained_variance': 0.521, 'n_users': 200.0, 'n_items': 491.0, 'sparsity': 0.9798}","logger":"recomart_airflow","filename":"recomart_pipeline.py","lineno":188}
{"timestamp":"2026-04-30T17:26:45.888155Z","level":"info","event":"Done. Returned value was: {'precision@10': 0.0014, 'recall@10': 0.0102, 'ndcg@10': 0.0076, 'evaluated_users': 147.0, 'explained_variance': 0.521, 'n_users': 200.0, 'n_items': 491.0, 'sparsity': 0.9798}","logger":"airflow.task.operators.airflow.providers.standard.decorators.python._PythonDecoratedOperator","filename":"python.py","lineno":229}
{"timestamp":"2026-04-30T17:26:45.888240Z","level":"info","event":"Pushing xcom","ti":"RuntimeTaskInstance(id=UUID('019ddf6d-9a51-7636-9905-a80f99c04e25'), task_id='train_svd', dag_id='recomart_full_pipeline', run_id='scheduled__2026-04-30T00:00:00+00:00', try_number=1, dag_version_id=UUID('019ddf6b-8166-71cc-b766-5f03fb517e63'), map_index=-1, hostname='biswajeets-macbook-pro.local', context_carrier={'traceparent': '00-64f56971c0777a190ba50881e10dd995-25effa7a7cab75a5-01'}, task=<Task(_PythonDecoratedOperator): train_svd>, bundle_instance=LocalDagBundle(name=dags-folder), max_tries=2, start_date=datetime.datetime(2026, 4, 30, 17, 26, 44, 586958, tzinfo=datetime.timezone.utc), end_date=None, state=<TaskInstanceState.RUNNING: 'running'>, is_mapped=False, rendered_map_index=None, sentry_integration='')","logger":"task","filename":"task_runner.py","lineno":1724}
{"timestamp":"2026-04-30T17:26:45.895222Z","level":"info","event":"Task instance in success state","logger":"task.stdout"}
{"timestamp":"2026-04-30T17:26:45.895281Z","level":"info","event":" Previous state of the Task instance: TaskInstanceState.RUNNING","logger":"task.stdout"}
{"timestamp":"2026-04-30T17:26:45.895466Z","level":"info","event":"Task operator:<Task(_PythonDecoratedOperator): train_svd>","logger":"task.stdout"}
