{"timestamp":"2026-04-30T17:26:43.811282Z","level":"info","event":"setup plugin alembic.autogenerate.schemas","logger":"alembic.runtime.plugins","filename":"plugins.py","lineno":37}
{"timestamp":"2026-04-30T17:26:43.811364Z","level":"info","event":"setup plugin alembic.autogenerate.tables","logger":"alembic.runtime.plugins","filename":"plugins.py","lineno":37}
{"timestamp":"2026-04-30T17:26:43.811391Z","level":"info","event":"setup plugin alembic.autogenerate.types","logger":"alembic.runtime.plugins","filename":"plugins.py","lineno":37}
{"timestamp":"2026-04-30T17:26:43.811412Z","level":"info","event":"setup plugin alembic.autogenerate.constraints","logger":"alembic.runtime.plugins","filename":"plugins.py","lineno":37}
{"timestamp":"2026-04-30T17:26:43.811429Z","level":"info","event":"setup plugin alembic.autogenerate.defaults","logger":"alembic.runtime.plugins","filename":"plugins.py","lineno":37}
{"timestamp":"2026-04-30T17:26:43.811446Z","level":"info","event":"setup plugin alembic.autogenerate.comments","logger":"alembic.runtime.plugins","filename":"plugins.py","lineno":37}
{"timestamp":"2026-04-30T17:26:43.868070Z","level":"info","event":"DAG bundles loaded: dags-folder, example_dags","logger":"airflow.dag_processing.bundles.manager.DagBundlesManager","filename":"manager.py","lineno":209}
{"timestamp":"2026-04-30T17:26:43.868288Z","level":"info","event":"Filling up the DagBag from /Users/biswa/Downloads/recomart/airflow/dags/recomart_pipeline.py","logger":"airflow.dag_processing.dagbag.BundleDagBag","filename":"dagbag.py","lineno":469}
{"timestamp":"2026-04-30T17:26:43.892259Z","level":"info","event":"Task instance is in running state","logger":"task.stdout"}
{"timestamp":"2026-04-30T17:26:43.892340Z","level":"info","event":" Previous state of the Task instance: TaskInstanceState.QUEUED","logger":"task.stdout"}
{"timestamp":"2026-04-30T17:26:43.892403Z","level":"info","event":"Current task name:feature_store","logger":"task.stdout"}
{"timestamp":"2026-04-30T17:26:43.892431Z","level":"info","event":"Dag name:recomart_full_pipeline","logger":"task.stdout"}
{"timestamp":"2026-04-30T17:26:44.305881Z","level":"info","event":"Cleaning interactions — input shape: (2000, 5)","logger":"data_preparation","filename":"prepare_data.py","lineno":33}
{"timestamp":"2026-04-30T17:26:44.306720Z","level":"info","event":"  After dropping null IDs: 2000 rows","logger":"data_preparation","filename":"prepare_data.py","lineno":38}
{"timestamp":"2026-04-30T17:26:44.307686Z","level":"info","event":"  Removed 19 duplicate user-item pairs (kept latest)","logger":"data_preparation","filename":"prepare_data.py","lineno":58}
{"timestamp":"2026-04-30T17:26:44.309462Z","level":"info","event":"Interactions cleaned: 2000 → 1981 rows","logger":"data_preparation","filename":"prepare_data.py","lineno":72}
{"timestamp":"2026-04-30T17:26:44.314771Z","level":"info","event":"Cleaning products — input shape: (500, 8)","logger":"data_preparation","filename":"prepare_data.py","lineno":78}
{"timestamp":"2026-04-30T17:26:44.315573Z","level":"info","event":"Products cleaned: 500 rows","logger":"data_preparation","filename":"prepare_data.py","lineno":99}
{"timestamp":"2026-04-30T17:26:44.316065Z","level":"info","event":"  Encoded 'category' → 6 classes","logger":"data_preparation","filename":"prepare_data.py","lineno":112}
{"timestamp":"2026-04-30T17:26:44.316346Z","level":"info","event":"  Encoded 'brand' → 5 classes","logger":"data_preparation","filename":"prepare_data.py","lineno":112}
{"timestamp":"2026-04-30T17:26:44.317167Z","level":"info","event":"  Normalized 'price' → [0,1]","logger":"data_preparation","filename":"prepare_data.py","lineno":118}
{"timestamp":"2026-04-30T17:26:44.317194Z","level":"info","event":"Building user features...","logger":"feature_engineering","filename":"feature_engineering.py","lineno":105}
{"timestamp":"2026-04-30T17:26:44.323155Z","level":"info","event":"User features: 200 users, 12 features","logger":"feature_engineering","filename":"feature_engineering.py","lineno":147}
{"timestamp":"2026-04-30T17:26:44.323190Z","level":"info","event":"Building item features...","logger":"feature_engineering","filename":"feature_engineering.py","lineno":153}
{"timestamp":"2026-04-30T17:26:44.325834Z","level":"info","event":"Item features: 491 items, 12 features","logger":"feature_engineering","filename":"feature_engineering.py","lineno":183}
{"timestamp":"2026-04-30T17:26:44.325871Z","level":"info","event":"Building interaction features...","logger":"feature_engineering","filename":"feature_engineering.py","lineno":189}
{"timestamp":"2026-04-30T17:26:44.327737Z","level":"info","event":"Interaction features: 1981 rows","logger":"feature_engineering","filename":"feature_engineering.py","lineno":211}
{"timestamp":"2026-04-30T17:26:44.329043Z","level":"info","event":"Registered feature group 'user_features' version 'v20260430_172644'","logger":"feature_store","filename":"feature_store.py","lineno":73}
{"timestamp":"2026-04-30T17:26:44.463165Z","level":"info","event":"[FeatureStore] Written 'user_features' v=v20260430_172644 | 200 rows × 12 cols | checksum=730d90bf07c6","logger":"feature_store","filename":"feature_store.py","lineno":131}
{"timestamp":"2026-04-30T17:26:44.464141Z","level":"info","event":"Registered feature group 'item_features' version 'v20260430_172644'","logger":"feature_store","filename":"feature_store.py","lineno":73}
{"timestamp":"2026-04-30T17:26:44.466263Z","level":"info","event":"[FeatureStore] Written 'item_features' v=v20260430_172644 | 491 rows × 12 cols | checksum=264dedcc400d","logger":"feature_store","filename":"feature_store.py","lineno":131}
{"timestamp":"2026-04-30T17:26:44.467402Z","level":"info","event":"Registered feature group 'interaction_features' version 'v20260430_172644'","logger":"feature_store","filename":"feature_store.py","lineno":73}
{"timestamp":"2026-04-30T17:26:44.470135Z","level":"info","event":"[FeatureStore] Written 'interaction_features' v=v20260430_172644 | 1981 rows × 9 cols | checksum=8ea66df50752","logger":"feature_store","filename":"feature_store.py","lineno":131}
{"timestamp":"2026-04-30T17:26:44.470260Z","level":"info","event":"Done. Returned value was: {'groups_written': 3, 'user_version': 'v20260430_172644', 'item_version': 'v20260430_172644'}","logger":"airflow.task.operators.airflow.providers.standard.decorators.python._PythonDecoratedOperator","filename":"python.py","lineno":229}
{"timestamp":"2026-04-30T17:26:44.470348Z","level":"info","event":"Pushing xcom","ti":"RuntimeTaskInstance(id=UUID('019ddf6d-9a50-7dc7-9c2c-ec36c68a2a32'), task_id='feature_store', dag_id='recomart_full_pipeline', run_id='scheduled__2026-04-30T00:00:00+00:00', try_number=1, dag_version_id=UUID('019ddf6b-8166-71cc-b766-5f03fb517e63'), map_index=-1, hostname='biswajeets-macbook-pro.local', context_carrier={'traceparent': '00-64f56971c0777a190ba50881e10dd995-25effa7a7cab75a5-01'}, task=<Task(_PythonDecoratedOperator): feature_store>, bundle_instance=LocalDagBundle(name=dags-folder), max_tries=2, start_date=datetime.datetime(2026, 4, 30, 17, 26, 43, 544166, tzinfo=datetime.timezone.utc), end_date=None, state=<TaskInstanceState.RUNNING: 'running'>, is_mapped=False, rendered_map_index=None, sentry_integration='')","logger":"task","filename":"task_runner.py","lineno":1724}
{"timestamp":"2026-04-30T17:26:44.477665Z","level":"info","event":"Task instance in success state","logger":"task.stdout"}
{"timestamp":"2026-04-30T17:26:44.477719Z","level":"info","event":" Previous state of the Task instance: TaskInstanceState.RUNNING","logger":"task.stdout"}
{"timestamp":"2026-04-30T17:26:44.477893Z","level":"info","event":"Task operator:<Task(_PythonDecoratedOperator): feature_store>","logger":"task.stdout"}
