{"timestamp":"2026-05-01T00:02:45.333741Z","level":"info","event":"setup plugin alembic.autogenerate.schemas","logger":"alembic.runtime.plugins","filename":"plugins.py","lineno":37}
{"timestamp":"2026-05-01T00:02:45.333829Z","level":"info","event":"setup plugin alembic.autogenerate.tables","logger":"alembic.runtime.plugins","filename":"plugins.py","lineno":37}
{"timestamp":"2026-05-01T00:02:45.333857Z","level":"info","event":"setup plugin alembic.autogenerate.types","logger":"alembic.runtime.plugins","filename":"plugins.py","lineno":37}
{"timestamp":"2026-05-01T00:02:45.333878Z","level":"info","event":"setup plugin alembic.autogenerate.constraints","logger":"alembic.runtime.plugins","filename":"plugins.py","lineno":37}
{"timestamp":"2026-05-01T00:02:45.333896Z","level":"info","event":"setup plugin alembic.autogenerate.defaults","logger":"alembic.runtime.plugins","filename":"plugins.py","lineno":37}
{"timestamp":"2026-05-01T00:02:45.333913Z","level":"info","event":"setup plugin alembic.autogenerate.comments","logger":"alembic.runtime.plugins","filename":"plugins.py","lineno":37}
{"timestamp":"2026-05-01T00:02:45.398952Z","level":"info","event":"DAG bundles loaded: dags-folder, example_dags","logger":"airflow.dag_processing.bundles.manager.DagBundlesManager","filename":"manager.py","lineno":209}
{"timestamp":"2026-05-01T00:02:45.399247Z","level":"info","event":"Filling up the DagBag from /Users/biswa/Downloads/recomart/airflow/dags/recomart_pipeline.py","logger":"airflow.dag_processing.dagbag.BundleDagBag","filename":"dagbag.py","lineno":469}
{"timestamp":"2026-05-01T00:02:45.429651Z","level":"info","event":"Task instance is in running state","logger":"task.stdout"}
{"timestamp":"2026-05-01T00:02:45.429746Z","level":"info","event":" Previous state of the Task instance: TaskInstanceState.QUEUED","logger":"task.stdout"}
{"timestamp":"2026-05-01T00:02:45.429828Z","level":"info","event":"Current task name:prepare_interactions","logger":"task.stdout"}
{"timestamp":"2026-05-01T00:02:45.429859Z","level":"info","event":"Dag name:recomart_full_pipeline","logger":"task.stdout"}
{"timestamp":"2026-05-01T00:02:46.102136Z","level":"info","event":"Cleaning interactions — input shape: (2000, 5)","logger":"data_preparation","filename":"prepare_data.py","lineno":33}
{"timestamp":"2026-05-01T00:02:46.103415Z","level":"info","event":"  After dropping null IDs: 2000 rows","logger":"data_preparation","filename":"prepare_data.py","lineno":38}
{"timestamp":"2026-05-01T00:02:46.105667Z","level":"info","event":"  Removed 19 duplicate user-item pairs (kept latest)","logger":"data_preparation","filename":"prepare_data.py","lineno":58}
{"timestamp":"2026-05-01T00:02:46.108231Z","level":"info","event":"Interactions cleaned: 2000 → 1981 rows","logger":"data_preparation","filename":"prepare_data.py","lineno":72}
{"timestamp":"2026-05-01T00:02:46.110575Z","level":"info","event":"Saved processed interactions_clean → /Users/biswa/Downloads/recomart/data/processed/interactions_clean_20260501_000246.csv","logger":"data_preparation","filename":"prepare_data.py","lineno":187}
{"timestamp":"2026-05-01T00:02:46.110649Z","level":"info","event":"Done. Returned value was: {'rows': 1981}","logger":"airflow.task.operators.airflow.providers.standard.decorators.python._PythonDecoratedOperator","filename":"python.py","lineno":229}
{"timestamp":"2026-05-01T00:02:46.110733Z","level":"info","event":"Pushing xcom","ti":"RuntimeTaskInstance(id=UUID('019de0d8-43e9-7bd0-8be9-3e8253f05060'), task_id='prepare_interactions', dag_id='recomart_full_pipeline', run_id='scheduled__2026-05-01T00:00:00+00:00', try_number=1, dag_version_id=UUID('019ddf6b-8166-71cc-b766-5f03fb517e63'), map_index=-1, hostname='biswajeets-macbook-pro.local', context_carrier={'traceparent': '00-d59a28f15ff117953dc2693e429e06d9-e3578f983ee2c7c0-01'}, task=<Task(_PythonDecoratedOperator): prepare_interactions>, bundle_instance=LocalDagBundle(name=dags-folder), max_tries=2, start_date=datetime.datetime(2026, 5, 1, 0, 2, 44, 907622, tzinfo=datetime.timezone.utc), end_date=None, state=<TaskInstanceState.RUNNING: 'running'>, is_mapped=False, rendered_map_index=None, sentry_integration='')","logger":"task","filename":"task_runner.py","lineno":1724}
{"timestamp":"2026-05-01T00:02:46.126399Z","level":"info","event":"Task instance in success state","logger":"task.stdout"}
{"timestamp":"2026-05-01T00:02:46.126466Z","level":"info","event":" Previous state of the Task instance: TaskInstanceState.RUNNING","logger":"task.stdout"}
{"timestamp":"2026-05-01T00:02:46.126678Z","level":"info","event":"Task operator:<Task(_PythonDecoratedOperator): prepare_interactions>","logger":"task.stdout"}
