{"timestamp":"2026-04-30T17:26:44.859546Z","level":"info","event":"setup plugin alembic.autogenerate.schemas","logger":"alembic.runtime.plugins","filename":"plugins.py","lineno":37}
{"timestamp":"2026-04-30T17:26:44.859626Z","level":"info","event":"setup plugin alembic.autogenerate.tables","logger":"alembic.runtime.plugins","filename":"plugins.py","lineno":37}
{"timestamp":"2026-04-30T17:26:44.859654Z","level":"info","event":"setup plugin alembic.autogenerate.types","logger":"alembic.runtime.plugins","filename":"plugins.py","lineno":37}
{"timestamp":"2026-04-30T17:26:44.859674Z","level":"info","event":"setup plugin alembic.autogenerate.constraints","logger":"alembic.runtime.plugins","filename":"plugins.py","lineno":37}
{"timestamp":"2026-04-30T17:26:44.859691Z","level":"info","event":"setup plugin alembic.autogenerate.defaults","logger":"alembic.runtime.plugins","filename":"plugins.py","lineno":37}
{"timestamp":"2026-04-30T17:26:44.859708Z","level":"info","event":"setup plugin alembic.autogenerate.comments","logger":"alembic.runtime.plugins","filename":"plugins.py","lineno":37}
{"timestamp":"2026-04-30T17:26:44.923892Z","level":"info","event":"DAG bundles loaded: dags-folder, example_dags","logger":"airflow.dag_processing.bundles.manager.DagBundlesManager","filename":"manager.py","lineno":209}
{"timestamp":"2026-04-30T17:26:44.924136Z","level":"info","event":"Filling up the DagBag from /Users/biswa/Downloads/recomart/airflow/dags/recomart_pipeline.py","logger":"airflow.dag_processing.dagbag.BundleDagBag","filename":"dagbag.py","lineno":469}
{"timestamp":"2026-04-30T17:26:44.947884Z","level":"info","event":"Task instance is in running state","logger":"task.stdout"}
{"timestamp":"2026-04-30T17:26:44.947969Z","level":"info","event":" Previous state of the Task instance: TaskInstanceState.QUEUED","logger":"task.stdout"}
{"timestamp":"2026-04-30T17:26:44.948057Z","level":"info","event":"Current task name:train_content","logger":"task.stdout"}
{"timestamp":"2026-04-30T17:26:44.948086Z","level":"info","event":"Dag name:recomart_full_pipeline","logger":"task.stdout"}
{"timestamp":"2026-04-30T17:26:45.839026Z","level":"info","event":"Cleaning interactions — input shape: (2000, 5)","logger":"data_preparation","filename":"prepare_data.py","lineno":33}
{"timestamp":"2026-04-30T17:26:45.839992Z","level":"info","event":"  After dropping null IDs: 2000 rows","logger":"data_preparation","filename":"prepare_data.py","lineno":38}
{"timestamp":"2026-04-30T17:26:45.841212Z","level":"info","event":"  Removed 19 duplicate user-item pairs (kept latest)","logger":"data_preparation","filename":"prepare_data.py","lineno":58}
{"timestamp":"2026-04-30T17:26:45.843580Z","level":"info","event":"Interactions cleaned: 2000 → 1981 rows","logger":"data_preparation","filename":"prepare_data.py","lineno":72}
{"timestamp":"2026-04-30T17:26:45.850079Z","level":"info","event":"Cleaning products — input shape: (500, 8)","logger":"data_preparation","filename":"prepare_data.py","lineno":78}
{"timestamp":"2026-04-30T17:26:45.850986Z","level":"info","event":"Products cleaned: 500 rows","logger":"data_preparation","filename":"prepare_data.py","lineno":99}
{"timestamp":"2026-04-30T17:26:45.851520Z","level":"info","event":"  Encoded 'category' → 6 classes","logger":"data_preparation","filename":"prepare_data.py","lineno":112}
{"timestamp":"2026-04-30T17:26:45.851831Z","level":"info","event":"  Encoded 'brand' → 5 classes","logger":"data_preparation","filename":"prepare_data.py","lineno":112}
{"timestamp":"2026-04-30T17:26:45.852775Z","level":"info","event":"  Normalized 'price' → [0,1]","logger":"data_preparation","filename":"prepare_data.py","lineno":118}
{"timestamp":"2026-04-30T17:26:45.852806Z","level":"info","event":"Building item features...","logger":"feature_engineering","filename":"feature_engineering.py","lineno":153}
{"timestamp":"2026-04-30T17:26:45.856838Z","level":"info","event":"Item features: 491 items, 12 features","logger":"feature_engineering","filename":"feature_engineering.py","lineno":183}
{"timestamp":"2026-04-30T17:26:45.857041Z","level":"info","event":"[MLflow] Started run 20260430_172645_856876 for experiment 'content_based_filtering'","logger":"model_training","filename":"train_model.py","lineno":53}
{"timestamp":"2026-04-30T17:26:45.858993Z","level":"info","event":"Content-based fitted | items=491, features=['price_normalized', 'category_encoded', 'popularity_score', 'avg_rating_received', 'total_interactions']","logger":"model_training","filename":"train_model.py","lineno":200}
{"timestamp":"2026-04-30T17:26:45.860986Z","level":"info","event":"[MLflow] Artifact saved: /Users/biswa/Downloads/recomart/models/mlflow_runs/content_based_filtering/20260430_172645_856876/content_model.pkl","logger":"model_training","filename":"train_model.py","lineno":75}
{"timestamp":"2026-04-30T17:26:45.861180Z","level":"info","event":"[MLflow] Run 20260430_172645_856876 FINISHED | metrics={'category_consistency@5': 0.73}","logger":"model_training","filename":"train_model.py","lineno":90}
{"timestamp":"2026-04-30T17:26:45.861903Z","level":"info","event":"Content model saved → /Users/biswa/Downloads/recomart/models/content_model.pkl","logger":"model_training","filename":"train_model.py","lineno":308}
{"timestamp":"2026-04-30T17:26:45.861949Z","level":"info","event":"Content model metrics: {'category_consistency@5': 0.73}","logger":"recomart_airflow","filename":"recomart_pipeline.py","lineno":204}
{"timestamp":"2026-04-30T17:26:45.862037Z","level":"info","event":"Done. Returned value was: {'category_consistency@5': 0.73}","logger":"airflow.task.operators.airflow.providers.standard.decorators.python._PythonDecoratedOperator","filename":"python.py","lineno":229}
{"timestamp":"2026-04-30T17:26:45.862130Z","level":"info","event":"Pushing xcom","ti":"RuntimeTaskInstance(id=UUID('019ddf6d-9a52-7bd8-b31e-49de721c422d'), task_id='train_content', dag_id='recomart_full_pipeline', run_id='scheduled__2026-04-30T00:00:00+00:00', try_number=1, dag_version_id=UUID('019ddf6b-8166-71cc-b766-5f03fb517e63'), map_index=-1, hostname='biswajeets-macbook-pro.local', context_carrier={'traceparent': '00-64f56971c0777a190ba50881e10dd995-25effa7a7cab75a5-01'}, task=<Task(_PythonDecoratedOperator): train_content>, bundle_instance=LocalDagBundle(name=dags-folder), max_tries=2, start_date=datetime.datetime(2026, 4, 30, 17, 26, 44, 565239, tzinfo=datetime.timezone.utc), end_date=None, state=<TaskInstanceState.RUNNING: 'running'>, is_mapped=False, rendered_map_index=None, sentry_integration='')","logger":"task","filename":"task_runner.py","lineno":1724}
{"timestamp":"2026-04-30T17:26:45.871797Z","level":"info","event":"Task instance in success state","logger":"task.stdout"}
{"timestamp":"2026-04-30T17:26:45.871877Z","level":"info","event":" Previous state of the Task instance: TaskInstanceState.RUNNING","logger":"task.stdout"}
{"timestamp":"2026-04-30T17:26:45.872033Z","level":"info","event":"Task operator:<Task(_PythonDecoratedOperator): train_content>","logger":"task.stdout"}
